<?xml version="1.0" encoding="UTF-8"?>
<!-- Generated by org.testng.reporters.JUnitReportReporter -->
<testsuite hostname="LAPTOP-H9GQVMTB" failures="0" tests="2" name="testNG_Learning.TestNGDPExcelDemo" time="36.958" errors="0" timestamp="2022-07-30T15:14:46 IST" skipped="0">
  <testcase classname="testNG_Learning.TestNGDPExcelDemo" name="Login" time="12.092"/>
  <system-out/>
  <testcase classname="testNG_Learning.TestNGDPExcelDemo" name="assignLeave" time="24.866"/>
  <system-out/>
</testsuite> <!-- testNG_Learning.TestNGDPExcelDemo -->
