<?xml version="1.0" encoding="UTF-8"?>
<!-- Generated by org.testng.reporters.JUnitReportReporter -->
<testsuite hostname="LAPTOP-H9GQVMTB" failures="0" tests="2" name="testNG_Learning.ParallelTestDemo" time="41.553" errors="0" timestamp="2022-07-30T15:17:21 IST" skipped="0">
  <testcase classname="testNG_Learning.ParallelTestDemo" name="assignLeave" time="27.772"/>
  <system-out/>
  <testcase classname="testNG_Learning.ParallelTestDemo" name="Login" time="13.781"/>
  <system-out/>
</testsuite> <!-- testNG_Learning.ParallelTestDemo -->
